This is pdfTeX, Version 3.1415926-1.40.10 (TeX Live 2009/Debian) (format=pdflatex 2013.9.11)  16 OCT 2013 03:03
entering extended mode
 %&-line parsing enabled.
**Report.tex
(./Report.tex
LaTeX2e <2009/09/24>
Babel <v3.8l> and hyphenation patterns for english, usenglishmax, dumylang, noh
yphenation, loaded.
(/usr/share/texmf-texlive/tex/latex/base/article.cls
Document Class: article 2007/10/19 v1.4h Standard LaTeX document class
(/usr/share/texmf-texlive/tex/latex/base/size10.clo
File: size10.clo 2007/10/19 v1.4h Standard LaTeX file (size option)
)
\c@part=\count79
\c@section=\count80
\c@subsection=\count81
\c@subsubsection=\count82
\c@paragraph=\count83
\c@subparagraph=\count84
\c@figure=\count85
\c@table=\count86
\abovecaptionskip=\skip41
\belowcaptionskip=\skip42
\bibindent=\dimen102
)
(/usr/share/texmf-texlive/tex/latex/graphics/graphicx.sty
Package: graphicx 1999/02/16 v1.0f Enhanced LaTeX Graphics (DPC,SPQR)

(/usr/share/texmf-texlive/tex/latex/graphics/keyval.sty
Package: keyval 1999/03/16 v1.13 key=value parser (DPC)
\KV@toks@=\toks14
)
(/usr/share/texmf-texlive/tex/latex/graphics/graphics.sty
Package: graphics 2009/02/05 v1.0o Standard LaTeX Graphics (DPC,SPQR)

(/usr/share/texmf-texlive/tex/latex/graphics/trig.sty
Package: trig 1999/03/16 v1.09 sin cos tan (DPC)
)
(/etc/texmf/tex/latex/config/graphics.cfg
File: graphics.cfg 2009/08/28 v1.8 graphics configuration of TeX Live
)
Package graphics Info: Driver file: pdftex.def on input line 91.

(/usr/share/texmf-texlive/tex/latex/pdftex-def/pdftex.def
File: pdftex.def 2010/03/12 v0.04p Graphics/color for pdfTeX
\Gread@gobject=\count87
))
\Gin@req@height=\dimen103
\Gin@req@width=\dimen104
)
(/usr/share/texmf-texlive/tex/latex/geometry/geometry.sty
Package: geometry 2008/12/21 v4.2 Page Geometry

(/usr/share/texmf-texlive/tex/generic/oberdiek/ifpdf.sty
Package: ifpdf 2009/04/10 v2.0 Provides the ifpdf switch (HO)
Package ifpdf Info: pdfTeX in pdf mode detected.
)
(/usr/share/texmf-texlive/tex/generic/oberdiek/ifvtex.sty
Package: ifvtex 2008/11/04 v1.4 Switches for detecting VTeX and its modes (HO)
Package ifvtex Info: VTeX not detected.
)
\Gm@cnth=\count88
\Gm@cntv=\count89
\c@Gm@tempcnt=\count90
\Gm@bindingoffset=\dimen105
\Gm@wd@mp=\dimen106
\Gm@odd@mp=\dimen107
\Gm@even@mp=\dimen108
\Gm@dimlist=\toks15
)
(/usr/share/texmf-texlive/tex/latex/float/float.sty
Package: float 2001/11/08 v1.3d Float enhancements (AL)
\c@float@type=\count91
\float@exts=\toks16
\float@box=\box26
\@float@everytoks=\toks17
\@floatcapt=\box27
) (./Report.aux)
\openout1 = `Report.aux'.

LaTeX Font Info:    Checking defaults for OML/cmm/m/it on input line 9.
LaTeX Font Info:    ... okay on input line 9.
LaTeX Font Info:    Checking defaults for T1/cmr/m/n on input line 9.
LaTeX Font Info:    ... okay on input line 9.
LaTeX Font Info:    Checking defaults for OT1/cmr/m/n on input line 9.
LaTeX Font Info:    ... okay on input line 9.
LaTeX Font Info:    Checking defaults for OMS/cmsy/m/n on input line 9.
LaTeX Font Info:    ... okay on input line 9.
LaTeX Font Info:    Checking defaults for OMX/cmex/m/n on input line 9.
LaTeX Font Info:    ... okay on input line 9.
LaTeX Font Info:    Checking defaults for U/cmr/m/n on input line 9.
LaTeX Font Info:    ... okay on input line 9.

(/usr/share/texmf-texlive/tex/context/base/supp-pdf.mkii
[Loading MPS to PDF converter (version 2006.09.02).]
\scratchcounter=\count92
\scratchdimen=\dimen109
\scratchbox=\box28
\nofMPsegments=\count93
\nofMParguments=\count94
\everyMPshowfont=\toks18
\MPscratchCnt=\count95
\MPscratchDim=\dimen110
\MPnumerator=\count96
\everyMPtoPDFconversion=\toks19
)
*geometry auto-detecting driver*
*geometry detected driver: pdftex*
-------------------- Geometry parameters
paper: class default
landscape: --
twocolumn: --
twoside: --
asymmetric: --
h-parts: 57.81621pt, 498.66258pt, 57.81621pt
v-parts: 57.81621pt, 679.33757pt, 57.81621pt
hmarginratio: --
vmarginratio: --
lines: --
heightrounded: --
bindingoffset: 0.0pt
truedimen: --
includehead: --
includefoot: --
includemp: --
driver: pdftex
-------------------- Page layout dimensions and switches
\paperwidth  614.295pt
\paperheight 794.96999pt
\textwidth  498.66258pt
\textheight 679.33757pt
\oddsidemargin  -14.45378pt
\evensidemargin -14.45378pt
\topmargin  -51.45378pt
\headheight 12.0pt
\headsep    25.0pt
\footskip   30.0pt
\marginparwidth 65.0pt
\marginparsep   11.0pt
\columnsep  10.0pt
\skip\footins  9.0pt plus 4.0pt minus 2.0pt
\hoffset 0.0pt
\voffset 0.0pt
\mag 1000

(1in=72.27pt, 1cm=28.45pt)
-----------------------
LaTeX Font Info:    External font `cmex10' loaded for size
(Font)              <12> on input line 10.
LaTeX Font Info:    External font `cmex10' loaded for size
(Font)              <8> on input line 10.
LaTeX Font Info:    External font `cmex10' loaded for size
(Font)              <6> on input line 10.
LaTeX Font Info:    Try loading font information for OMS+cmr on input line 14.
(/usr/share/texmf-texlive/tex/latex/base/omscmr.fd
File: omscmr.fd 1999/05/25 v2.5h Standard LaTeX font definitions
)
LaTeX Font Info:    Font shape `OMS/cmr/m/n' in size <10> not available
(Font)              Font shape `OMS/cmsy/m/n' tried instead on input line 14.


pdfTeX warning: /usr/bin/pdflatex (file ./Sequential/Plot.pdf): PDF inclusion: 
found PDF version <1.5>, but at most version <1.4> allowed
<Sequential/Plot.pdf, id=1, 433.62pt x 289.08pt>
File: Sequential/Plot.pdf Graphic file (type pdf)
 <use Sequential/Plot.pdf>
[1

{/var/lib/texmf/fonts/map/pdftex/updmap/pdftex.map}]

pdfTeX warning: /usr/bin/pdflatex (file ./Graphs/omp_core_time.pdf): PDF inclus
ion: found PDF version <1.5>, but at most version <1.4> allowed
<Graphs/omp_core_time.pdf, id=14, 433.62pt x 216.81pt>
File: Graphs/omp_core_time.pdf Graphic file (type pdf)

<use Graphs/omp_core_time.pdf>

pdfTeX warning: /usr/bin/pdflatex (file ./Graphs/omp_siz_time.pdf): PDF inclusi
on: found PDF version <1.5>, but at most version <1.4> allowed
<Graphs/omp_siz_time.pdf, id=16, 433.62pt x 216.81pt>
File: Graphs/omp_siz_time.pdf Graphic file (type pdf)

<use Graphs/omp_siz_time.pdf> [2 <./Sequential/Plot.pdf> <./Graphs/omp_core_tim
e.pdf>]

pdfTeX warning: /usr/bin/pdflatex (file ./OpenMP/Plot.pdf): PDF inclusion: foun
d PDF version <1.5>, but at most version <1.4> allowed
<OpenMP/Plot.pdf, id=37, 505.89pt x 361.35pt>
File: OpenMP/Plot.pdf Graphic file (type pdf)
 <use OpenMP/Plot.pdf> [3 <./Graphs/omp_siz_time.pdf> <./OpenMP/Plot.pdf>]

pdfTeX warning: /usr/bin/pdflatex (file ./Graphs/mpi_siz_time.pdf): PDF inclusi
on: found PDF version <1.5>, but at most version <1.4> allowed
<Graphs/mpi_siz_time.pdf, id=58, 433.62pt x 216.81pt>
File: Graphs/mpi_siz_time.pdf Graphic file (type pdf)

<use Graphs/mpi_siz_time.pdf>

pdfTeX warning: /usr/bin/pdflatex (file ./Graphs/mpi_core_time.pdf): PDF inclus
ion: found PDF version <1.5>, but at most version <1.4> allowed
<Graphs/mpi_core_time.pdf, id=60, 433.62pt x 216.81pt>
File: Graphs/mpi_core_time.pdf Graphic file (type pdf)

<use Graphs/mpi_core_time.pdf>

pdfTeX warning: /usr/bin/pdflatex (file ./MPI/Plot.pdf): PDF inclusion: found P
DF version <1.5>, but at most version <1.4> allowed
<MPI/Plot.pdf, id=62, 505.89pt x 361.35pt>
File: MPI/Plot.pdf Graphic file (type pdf)
 <use MPI/Plot.pdf> [4 <./Graphs/mpi_siz_time.pdf> <./Graphs/mpi_core_time.pdf>
]

pdfTeX warning: /usr/bin/pdflatex (file ./Graphs/omp_mpi_core_time.pdf): PDF in
clusion: found PDF version <1.5>, but at most version <1.4> allowed
<Graphs/omp_mpi_core_time.pdf, id=83, 433.62pt x 216.81pt>
File: Graphs/omp_mpi_core_time.pdf Graphic file (type pdf)

<use Graphs/omp_mpi_core_time.pdf>

pdfTeX warning: /usr/bin/pdflatex (file ./Graphs/omp_mpi_seq_siz_time.pdf): PDF
 inclusion: found PDF version <1.5>, but at most version <1.4> allowed
<Graphs/omp_mpi_seq_siz_time.pdf, id=85, 433.62pt x 216.81pt>
File: Graphs/omp_mpi_seq_siz_time.pdf Graphic file (type pdf)

<use Graphs/omp_mpi_seq_siz_time.pdf> [5 <./MPI/Plot.pdf> <./Graphs/omp_mpi_cor
e_time.pdf>] [6 <./Graphs/omp_mpi_seq_siz_time.pdf>] (./Report.aux) ) 
Here is how much of TeX's memory you used:
 1420 strings out of 495061
 19152 string characters out of 1182621
 72965 words of memory out of 3000000
 4616 multiletter control sequences out of 15000+50000
 7934 words of font info for 28 fonts, out of 3000000 for 9000
 28 hyphenation exceptions out of 8191
 25i,6n,19p,257b,317s stack positions out of 5000i,500n,10000p,200000b,50000s
</usr/shar
e/texmf-texlive/fonts/type1/public/amsfonts/cm/cmbx10.pfb></usr/share/texmf-tex
live/fonts/type1/public/amsfonts/cm/cmbx12.pfb></usr/share/texmf-texlive/fonts/
type1/public/amsfonts/cm/cmr10.pfb></usr/share/texmf-texlive/fonts/type1/public
/amsfonts/cm/cmr12.pfb></usr/share/texmf-texlive/fonts/type1/public/amsfonts/cm
/cmr17.pfb></usr/share/texmf-texlive/fonts/type1/public/amsfonts/cm/cmsy10.pfb>
</usr/share/texmf-texlive/fonts/type1/public/amsfonts/cm/cmti10.pfb>
Output written on Report.pdf (6 pages, 201830 bytes).
PDF statistics:
 139 PDF objects out of 1000 (max. 8388607)
 0 named destinations out of 1000 (max. 500000)
 46 words of extra memory for PDF output out of 10000 (max. 10000000)

